<?xml version="1.0" encoding="UTF-8"?>
<!-- Generated by org.testng.reporters.JUnitReportReporter -->
<testsuite hostname="DESKTOP-P5IVB9J" failures="0" tests="11" name="Training" time="0.413" errors="0" timestamp="2025-04-20T16:59:25 EET" skipped="9">
  <testcase classname="Training" name="Login" time="0.293"/>
  <testcase classname="Training" name="PrintLableNotEndWithT" time="0.120"/>
  <testcase classname="Training" name="RemoveAllItems">
    <skipped/>
  </testcase> <!-- RemoveAllItems -->
  <testcase classname="Training" name="printnamedontstartS">
    <skipped/>
  </testcase> <!-- printnamedontstartS -->
  <testcase classname="Training" name="AddAllItems">
    <skipped/>
  </testcase> <!-- AddAllItems -->
  <testcase classname="Training" name="CompareBtweenString">
    <skipped/>
  </testcase> <!-- CompareBtweenString -->
  <testcase classname="Training" name="PrintEvenItems">
    <skipped/>
  </testcase> <!-- PrintEvenItems -->
  <testcase classname="Training" name="PrintItemsLabled">
    <skipped/>
  </testcase> <!-- PrintItemsLabled -->
  <testcase classname="Training" name="RemoveOneItem">
    <skipped/>
  </testcase> <!-- RemoveOneItem -->
  <testcase classname="Training" name="AddOneItem">
    <skipped/>
  </testcase> <!-- AddOneItem -->
  <testcase classname="Training" name="LogOut">
    <skipped/>
  </testcase> <!-- LogOut -->
</testsuite> <!-- Training -->
